{"level":"info","message":"[Thu Jul 04 2024 21:11:45 GMT-0700 (Pacific Daylight Time)] Executing (default): SELECT name FROM sqlite_master WHERE type='table' AND name='users';"}
{"level":"info","message":"[Thu Jul 04 2024 21:11:45 GMT-0700 (Pacific Daylight Time)] Executing (default): PRAGMA INDEX_LIST(`users`)"}
{"level":"info","message":"[Thu Jul 04 2024 21:11:45 GMT-0700 (Pacific Daylight Time)] Executing (default): PRAGMA INDEX_INFO(`sqlite_autoindex_users_1`)"}
{"level":"info","message":"[Thu Jul 04 2024 21:11:45 GMT-0700 (Pacific Daylight Time)] Executing (default): SELECT name FROM sqlite_master WHERE type='table' AND name='posts';"}
{"level":"info","message":"[Thu Jul 04 2024 21:11:45 GMT-0700 (Pacific Daylight Time)] Executing (default): PRAGMA INDEX_LIST(`posts`)"}
{"level":"info","message":"[Thu Jul 04 2024 21:11:45 GMT-0700 (Pacific Daylight Time)] Executing (default): SELECT name FROM sqlite_master WHERE type='table' AND name='comments';"}
{"level":"info","message":"[Thu Jul 04 2024 21:11:45 GMT-0700 (Pacific Daylight Time)] Executing (default): PRAGMA INDEX_LIST(`comments`)"}
{"level":"info","message":"[Thu Jul 04 2024 21:11:45 GMT-0700 (Pacific Daylight Time)] Executing (default): SELECT name FROM sqlite_master WHERE type='table' AND name='recipes';"}
{"level":"info","message":"[Thu Jul 04 2024 21:11:45 GMT-0700 (Pacific Daylight Time)] Executing (default): PRAGMA INDEX_LIST(`recipes`)"}
{"level":"info","message":"[Thu Jul 04 2024 21:11:45 GMT-0700 (Pacific Daylight Time)] Executing (default): SELECT name FROM sqlite_master WHERE type='table' AND name='reviews';"}
{"level":"info","message":"[Thu Jul 04 2024 21:11:45 GMT-0700 (Pacific Daylight Time)] Executing (default): PRAGMA INDEX_LIST(`reviews`)"}
{"level":"info","message":"::ffff:127.0.0.1 - - [05/Jul/2024:04:11:56 +0000] \"GET / HTTP/1.1\" 200 27"}
{"level":"info","message":"::ffff:127.0.0.1 - - [05/Jul/2024:04:11:57 +0000] \"GET / HTTP/1.1\" 200 27"}
{"level":"info","message":"::ffff:127.0.0.1 - - [05/Jul/2024:04:11:57 +0000] \"GET / HTTP/1.1\" 200 27"}
{"level":"info","message":"::ffff:127.0.0.1 - - [05/Jul/2024:04:11:57 +0000] \"GET / HTTP/1.1\" 200 27"}
{"level":"info","message":"::ffff:127.0.0.1 - - [05/Jul/2024:04:11:58 +0000] \"GET / HTTP/1.1\" 200 27"}
{"level":"info","message":"::ffff:127.0.0.1 - - [05/Jul/2024:04:11:58 +0000] \"GET / HTTP/1.1\" 200 27"}
{"level":"info","message":"::ffff:127.0.0.1 - - [05/Jul/2024:04:11:58 +0000] \"GET / HTTP/1.1\" 200 27"}
{"level":"info","message":"[Thu Jul 04 2024 21:15:14 GMT-0700 (Pacific Daylight Time)] Executing (default): SELECT name FROM sqlite_master WHERE type='table' AND name='users';"}
{"level":"info","message":"[Thu Jul 04 2024 21:15:14 GMT-0700 (Pacific Daylight Time)] Executing (default): PRAGMA INDEX_LIST(`users`)"}
{"level":"info","message":"[Thu Jul 04 2024 21:15:14 GMT-0700 (Pacific Daylight Time)] Executing (default): PRAGMA INDEX_INFO(`sqlite_autoindex_users_1`)"}
{"level":"info","message":"[Thu Jul 04 2024 21:15:14 GMT-0700 (Pacific Daylight Time)] Executing (default): SELECT name FROM sqlite_master WHERE type='table' AND name='posts';"}
{"level":"info","message":"[Thu Jul 04 2024 21:15:14 GMT-0700 (Pacific Daylight Time)] Executing (default): PRAGMA INDEX_LIST(`posts`)"}
{"level":"info","message":"[Thu Jul 04 2024 21:15:14 GMT-0700 (Pacific Daylight Time)] Executing (default): SELECT name FROM sqlite_master WHERE type='table' AND name='comments';"}
{"level":"info","message":"[Thu Jul 04 2024 21:15:14 GMT-0700 (Pacific Daylight Time)] Executing (default): PRAGMA INDEX_LIST(`comments`)"}
{"level":"info","message":"[Thu Jul 04 2024 21:15:14 GMT-0700 (Pacific Daylight Time)] Executing (default): SELECT name FROM sqlite_master WHERE type='table' AND name='recipes';"}
{"level":"info","message":"[Thu Jul 04 2024 21:15:14 GMT-0700 (Pacific Daylight Time)] Executing (default): PRAGMA INDEX_LIST(`recipes`)"}
{"level":"info","message":"[Thu Jul 04 2024 21:15:14 GMT-0700 (Pacific Daylight Time)] Executing (default): SELECT name FROM sqlite_master WHERE type='table' AND name='reviews';"}
{"level":"info","message":"[Thu Jul 04 2024 21:15:14 GMT-0700 (Pacific Daylight Time)] Executing (default): PRAGMA INDEX_LIST(`reviews`)"}
{"level":"info","message":"[Thu Jul 04 2024 21:16:17 GMT-0700 (Pacific Daylight Time)] Executing (default): SELECT name FROM sqlite_master WHERE type='table' AND name='users';"}
{"level":"info","message":"[Thu Jul 04 2024 21:16:17 GMT-0700 (Pacific Daylight Time)] Executing (default): PRAGMA INDEX_LIST(`users`)"}
{"level":"info","message":"[Thu Jul 04 2024 21:16:17 GMT-0700 (Pacific Daylight Time)] Executing (default): PRAGMA INDEX_INFO(`sqlite_autoindex_users_1`)"}
{"level":"info","message":"[Thu Jul 04 2024 21:16:17 GMT-0700 (Pacific Daylight Time)] Executing (default): SELECT name FROM sqlite_master WHERE type='table' AND name='posts';"}
{"level":"info","message":"[Thu Jul 04 2024 21:16:17 GMT-0700 (Pacific Daylight Time)] Executing (default): PRAGMA INDEX_LIST(`posts`)"}
{"level":"info","message":"[Thu Jul 04 2024 21:16:17 GMT-0700 (Pacific Daylight Time)] Executing (default): SELECT name FROM sqlite_master WHERE type='table' AND name='comments';"}
{"level":"info","message":"[Thu Jul 04 2024 21:16:17 GMT-0700 (Pacific Daylight Time)] Executing (default): PRAGMA INDEX_LIST(`comments`)"}
{"level":"info","message":"[Thu Jul 04 2024 21:16:17 GMT-0700 (Pacific Daylight Time)] Executing (default): SELECT name FROM sqlite_master WHERE type='table' AND name='recipes';"}
{"level":"info","message":"[Thu Jul 04 2024 21:16:17 GMT-0700 (Pacific Daylight Time)] Executing (default): PRAGMA INDEX_LIST(`recipes`)"}
{"level":"info","message":"[Thu Jul 04 2024 21:16:17 GMT-0700 (Pacific Daylight Time)] Executing (default): SELECT name FROM sqlite_master WHERE type='table' AND name='reviews';"}
{"level":"info","message":"[Thu Jul 04 2024 21:16:17 GMT-0700 (Pacific Daylight Time)] Executing (default): PRAGMA INDEX_LIST(`reviews`)"}
{"level":"info","message":"[Thu Jul 04 2024 21:18:12 GMT-0700 (Pacific Daylight Time)] Executing (default): SELECT name FROM sqlite_master WHERE type='table' AND name='users';"}
{"level":"info","message":"[Thu Jul 04 2024 21:18:12 GMT-0700 (Pacific Daylight Time)] Executing (default): PRAGMA INDEX_LIST(`users`)"}
{"level":"info","message":"[Thu Jul 04 2024 21:18:12 GMT-0700 (Pacific Daylight Time)] Executing (default): PRAGMA INDEX_INFO(`sqlite_autoindex_users_1`)"}
{"level":"info","message":"[Thu Jul 04 2024 21:18:12 GMT-0700 (Pacific Daylight Time)] Executing (default): SELECT name FROM sqlite_master WHERE type='table' AND name='posts';"}
{"level":"info","message":"[Thu Jul 04 2024 21:18:12 GMT-0700 (Pacific Daylight Time)] Executing (default): PRAGMA INDEX_LIST(`posts`)"}
{"level":"info","message":"[Thu Jul 04 2024 21:18:12 GMT-0700 (Pacific Daylight Time)] Executing (default): SELECT name FROM sqlite_master WHERE type='table' AND name='comments';"}
{"level":"info","message":"[Thu Jul 04 2024 21:18:12 GMT-0700 (Pacific Daylight Time)] Executing (default): PRAGMA INDEX_LIST(`comments`)"}
{"level":"info","message":"[Thu Jul 04 2024 21:18:12 GMT-0700 (Pacific Daylight Time)] Executing (default): SELECT name FROM sqlite_master WHERE type='table' AND name='recipes';"}
{"level":"info","message":"[Thu Jul 04 2024 21:18:12 GMT-0700 (Pacific Daylight Time)] Executing (default): PRAGMA INDEX_LIST(`recipes`)"}
{"level":"info","message":"[Thu Jul 04 2024 21:18:12 GMT-0700 (Pacific Daylight Time)] Executing (default): SELECT name FROM sqlite_master WHERE type='table' AND name='reviews';"}
{"level":"info","message":"[Thu Jul 04 2024 21:18:12 GMT-0700 (Pacific Daylight Time)] Executing (default): PRAGMA INDEX_LIST(`reviews`)"}
{"level":"info","message":"[Thu Jul 04 2024 21:35:48 GMT-0700 (Pacific Daylight Time)] Executing (default): SELECT name FROM sqlite_master WHERE type='table' AND name='users';"}
{"level":"info","message":"[Thu Jul 04 2024 21:35:49 GMT-0700 (Pacific Daylight Time)] Executing (default): PRAGMA INDEX_LIST(`users`)"}
{"level":"info","message":"[Thu Jul 04 2024 21:35:49 GMT-0700 (Pacific Daylight Time)] Executing (default): PRAGMA INDEX_INFO(`sqlite_autoindex_users_1`)"}
{"level":"info","message":"[Thu Jul 04 2024 21:35:49 GMT-0700 (Pacific Daylight Time)] Executing (default): SELECT name FROM sqlite_master WHERE type='table' AND name='posts';"}
{"level":"info","message":"[Thu Jul 04 2024 21:35:49 GMT-0700 (Pacific Daylight Time)] Executing (default): PRAGMA INDEX_LIST(`posts`)"}
{"level":"info","message":"[Thu Jul 04 2024 21:35:49 GMT-0700 (Pacific Daylight Time)] Executing (default): SELECT name FROM sqlite_master WHERE type='table' AND name='comments';"}
{"level":"info","message":"[Thu Jul 04 2024 21:35:49 GMT-0700 (Pacific Daylight Time)] Executing (default): PRAGMA INDEX_LIST(`comments`)"}
{"level":"info","message":"[Thu Jul 04 2024 21:35:49 GMT-0700 (Pacific Daylight Time)] Executing (default): SELECT name FROM sqlite_master WHERE type='table' AND name='recipes';"}
{"level":"info","message":"[Thu Jul 04 2024 21:35:49 GMT-0700 (Pacific Daylight Time)] Executing (default): PRAGMA INDEX_LIST(`recipes`)"}
{"level":"info","message":"[Thu Jul 04 2024 21:35:49 GMT-0700 (Pacific Daylight Time)] Executing (default): SELECT name FROM sqlite_master WHERE type='table' AND name='reviews';"}
{"level":"info","message":"[Thu Jul 04 2024 21:35:49 GMT-0700 (Pacific Daylight Time)] Executing (default): PRAGMA INDEX_LIST(`reviews`)"}
{"level":"info","message":"[Thu Jul 04 2024 22:00:58 GMT-0700 (Pacific Daylight Time)] Executing (default): SELECT name FROM sqlite_master WHERE type='table' AND name='users';"}
{"level":"info","message":"[Thu Jul 04 2024 22:00:58 GMT-0700 (Pacific Daylight Time)] Executing (default): PRAGMA INDEX_LIST(`users`)"}
{"level":"info","message":"[Thu Jul 04 2024 22:00:58 GMT-0700 (Pacific Daylight Time)] Executing (default): PRAGMA INDEX_INFO(`sqlite_autoindex_users_1`)"}
{"level":"info","message":"[Thu Jul 04 2024 22:00:58 GMT-0700 (Pacific Daylight Time)] Executing (default): SELECT name FROM sqlite_master WHERE type='table' AND name='posts';"}
{"level":"info","message":"[Thu Jul 04 2024 22:00:58 GMT-0700 (Pacific Daylight Time)] Executing (default): PRAGMA INDEX_LIST(`posts`)"}
{"level":"info","message":"[Thu Jul 04 2024 22:00:58 GMT-0700 (Pacific Daylight Time)] Executing (default): SELECT name FROM sqlite_master WHERE type='table' AND name='comments';"}
{"level":"info","message":"[Thu Jul 04 2024 22:00:58 GMT-0700 (Pacific Daylight Time)] Executing (default): PRAGMA INDEX_LIST(`comments`)"}
{"level":"info","message":"[Thu Jul 04 2024 22:00:58 GMT-0700 (Pacific Daylight Time)] Executing (default): SELECT name FROM sqlite_master WHERE type='table' AND name='recipes';"}
{"level":"info","message":"[Thu Jul 04 2024 22:00:58 GMT-0700 (Pacific Daylight Time)] Executing (default): PRAGMA INDEX_LIST(`recipes`)"}
{"level":"info","message":"[Thu Jul 04 2024 22:00:58 GMT-0700 (Pacific Daylight Time)] Executing (default): SELECT name FROM sqlite_master WHERE type='table' AND name='reviews';"}
{"level":"info","message":"[Thu Jul 04 2024 22:00:58 GMT-0700 (Pacific Daylight Time)] Executing (default): PRAGMA INDEX_LIST(`reviews`)"}
{"level":"info","message":"[Thu Jul 04 2024 22:01:09 GMT-0700 (Pacific Daylight Time)] Executing (default): SELECT `Recipes`.`id`, `Recipes`.`food_name`, `Recipes`.`description`, `Recipes`.`ingredients`, `Recipes`.`preparation`, `Recipes`.`image_url`, `Recipes`.`video_url`, `Recipes`.`views`, `Recipes`.`user_id`, `Recipes`.`created_at` AS `createdAt`, `Recipes`.`updated_at` AS `updatedAt`, `User`.`id` AS `User.id`, `User`.`email` AS `User.email`, `User`.`first_name` AS `User.first_name`, `User`.`last_name` AS `User.last_name`, `User`.`phone` AS `User.phone`, `User`.`image_url` AS `User.image_url` FROM `recipes` AS `Recipes` LEFT OUTER JOIN `users` AS `User` ON `Recipes`.`user_id` = `User`.`id`;"}
{"level":"info","message":"::ffff:127.0.0.1 - - [05/Jul/2024:05:01:09 +0000] \"GET /recipes HTTP/1.1\" 200 21"}
{"level":"info","message":"::ffff:127.0.0.1 - - [05/Jul/2024:05:01:15 +0000] \"GET /users%5C HTTP/1.1\" 404 147"}
{"level":"info","message":"::ffff:127.0.0.1 - - [05/Jul/2024:05:01:17 +0000] \"GET /users HTTP/1.1\" 404 144"}
{"level":"info","message":"::ffff:127.0.0.1 - - [05/Jul/2024:05:01:20 +0000] \"GET /user HTTP/1.1\" 401 -"}
{"level":"info","message":"[Thu Jul 04 2024 22:11:50 GMT-0700 (Pacific Daylight Time)] Executing (default): SELECT name FROM sqlite_master WHERE type='table' AND name='users';"}
{"level":"info","message":"[Thu Jul 04 2024 22:11:50 GMT-0700 (Pacific Daylight Time)] Executing (default): PRAGMA INDEX_LIST(`users`)"}
{"level":"info","message":"[Thu Jul 04 2024 22:11:50 GMT-0700 (Pacific Daylight Time)] Executing (default): PRAGMA INDEX_INFO(`sqlite_autoindex_users_1`)"}
{"level":"info","message":"[Thu Jul 04 2024 22:11:50 GMT-0700 (Pacific Daylight Time)] Executing (default): SELECT name FROM sqlite_master WHERE type='table' AND name='posts';"}
{"level":"info","message":"[Thu Jul 04 2024 22:11:50 GMT-0700 (Pacific Daylight Time)] Executing (default): PRAGMA INDEX_LIST(`posts`)"}
{"level":"info","message":"[Thu Jul 04 2024 22:11:50 GMT-0700 (Pacific Daylight Time)] Executing (default): SELECT name FROM sqlite_master WHERE type='table' AND name='comments';"}
{"level":"info","message":"[Thu Jul 04 2024 22:11:50 GMT-0700 (Pacific Daylight Time)] Executing (default): PRAGMA INDEX_LIST(`comments`)"}
{"level":"info","message":"[Thu Jul 04 2024 22:11:50 GMT-0700 (Pacific Daylight Time)] Executing (default): SELECT name FROM sqlite_master WHERE type='table' AND name='recipes';"}
{"level":"info","message":"[Thu Jul 04 2024 22:11:50 GMT-0700 (Pacific Daylight Time)] Executing (default): PRAGMA INDEX_LIST(`recipes`)"}
{"level":"info","message":"[Thu Jul 04 2024 22:11:50 GMT-0700 (Pacific Daylight Time)] Executing (default): SELECT name FROM sqlite_master WHERE type='table' AND name='reviews';"}
{"level":"info","message":"[Thu Jul 04 2024 22:11:50 GMT-0700 (Pacific Daylight Time)] Executing (default): PRAGMA INDEX_LIST(`reviews`)"}
{"level":"info","message":"[Thu Jul 04 2024 22:12:42 GMT-0700 (Pacific Daylight Time)] Executing (default): SELECT name FROM sqlite_master WHERE type='table' AND name='users';"}
{"level":"info","message":"[Thu Jul 04 2024 22:12:42 GMT-0700 (Pacific Daylight Time)] Executing (default): PRAGMA INDEX_LIST(`users`)"}
{"level":"info","message":"[Thu Jul 04 2024 22:12:42 GMT-0700 (Pacific Daylight Time)] Executing (default): PRAGMA INDEX_INFO(`sqlite_autoindex_users_1`)"}
{"level":"info","message":"[Thu Jul 04 2024 22:12:42 GMT-0700 (Pacific Daylight Time)] Executing (default): SELECT name FROM sqlite_master WHERE type='table' AND name='posts';"}
{"level":"info","message":"[Thu Jul 04 2024 22:12:42 GMT-0700 (Pacific Daylight Time)] Executing (default): PRAGMA INDEX_LIST(`posts`)"}
{"level":"info","message":"[Thu Jul 04 2024 22:12:42 GMT-0700 (Pacific Daylight Time)] Executing (default): SELECT name FROM sqlite_master WHERE type='table' AND name='comments';"}
{"level":"info","message":"[Thu Jul 04 2024 22:12:42 GMT-0700 (Pacific Daylight Time)] Executing (default): PRAGMA INDEX_LIST(`comments`)"}
{"level":"info","message":"[Thu Jul 04 2024 22:12:42 GMT-0700 (Pacific Daylight Time)] Executing (default): SELECT name FROM sqlite_master WHERE type='table' AND name='recipes';"}
{"level":"info","message":"[Thu Jul 04 2024 22:12:42 GMT-0700 (Pacific Daylight Time)] Executing (default): PRAGMA INDEX_LIST(`recipes`)"}
{"level":"info","message":"[Thu Jul 04 2024 22:12:42 GMT-0700 (Pacific Daylight Time)] Executing (default): SELECT name FROM sqlite_master WHERE type='table' AND name='reviews';"}
{"level":"info","message":"[Thu Jul 04 2024 22:12:42 GMT-0700 (Pacific Daylight Time)] Executing (default): PRAGMA INDEX_LIST(`reviews`)"}
{"level":"info","message":"[Thu Jul 04 2024 22:18:17 GMT-0700 (Pacific Daylight Time)] Executing (default): SELECT name FROM sqlite_master WHERE type='table' AND name='users';"}
{"level":"info","message":"[Thu Jul 04 2024 22:18:17 GMT-0700 (Pacific Daylight Time)] Executing (default): PRAGMA INDEX_LIST(`users`)"}
{"level":"info","message":"[Thu Jul 04 2024 22:18:17 GMT-0700 (Pacific Daylight Time)] Executing (default): PRAGMA INDEX_INFO(`sqlite_autoindex_users_1`)"}
{"level":"info","message":"[Thu Jul 04 2024 22:18:17 GMT-0700 (Pacific Daylight Time)] Executing (default): SELECT name FROM sqlite_master WHERE type='table' AND name='posts';"}
{"level":"info","message":"[Thu Jul 04 2024 22:18:17 GMT-0700 (Pacific Daylight Time)] Executing (default): PRAGMA INDEX_LIST(`posts`)"}
{"level":"info","message":"[Thu Jul 04 2024 22:18:17 GMT-0700 (Pacific Daylight Time)] Executing (default): SELECT name FROM sqlite_master WHERE type='table' AND name='comments';"}
{"level":"info","message":"[Thu Jul 04 2024 22:18:17 GMT-0700 (Pacific Daylight Time)] Executing (default): PRAGMA INDEX_LIST(`comments`)"}
{"level":"info","message":"[Thu Jul 04 2024 22:18:17 GMT-0700 (Pacific Daylight Time)] Executing (default): SELECT name FROM sqlite_master WHERE type='table' AND name='recipes';"}
{"level":"info","message":"[Thu Jul 04 2024 22:18:17 GMT-0700 (Pacific Daylight Time)] Executing (default): PRAGMA INDEX_LIST(`recipes`)"}
{"level":"info","message":"[Thu Jul 04 2024 22:18:17 GMT-0700 (Pacific Daylight Time)] Executing (default): SELECT name FROM sqlite_master WHERE type='table' AND name='reviews';"}
{"level":"info","message":"[Thu Jul 04 2024 22:18:17 GMT-0700 (Pacific Daylight Time)] Executing (default): PRAGMA INDEX_LIST(`reviews`)"}
{"level":"info","message":"[Thu Jul 04 2024 22:18:18 GMT-0700 (Pacific Daylight Time)] Executing (default): SELECT name FROM sqlite_master WHERE type='table' AND name='users';"}
{"level":"info","message":"[Thu Jul 04 2024 22:18:18 GMT-0700 (Pacific Daylight Time)] Executing (default): PRAGMA INDEX_LIST(`users`)"}
{"level":"info","message":"[Thu Jul 04 2024 22:18:18 GMT-0700 (Pacific Daylight Time)] Executing (default): PRAGMA INDEX_INFO(`sqlite_autoindex_users_1`)"}
{"level":"info","message":"[Thu Jul 04 2024 22:18:18 GMT-0700 (Pacific Daylight Time)] Executing (default): SELECT name FROM sqlite_master WHERE type='table' AND name='posts';"}
{"level":"info","message":"[Thu Jul 04 2024 22:18:18 GMT-0700 (Pacific Daylight Time)] Executing (default): PRAGMA INDEX_LIST(`posts`)"}
{"level":"info","message":"[Thu Jul 04 2024 22:18:18 GMT-0700 (Pacific Daylight Time)] Executing (default): SELECT name FROM sqlite_master WHERE type='table' AND name='comments';"}
{"level":"info","message":"[Thu Jul 04 2024 22:18:18 GMT-0700 (Pacific Daylight Time)] Executing (default): PRAGMA INDEX_LIST(`comments`)"}
{"level":"info","message":"[Thu Jul 04 2024 22:18:18 GMT-0700 (Pacific Daylight Time)] Executing (default): SELECT name FROM sqlite_master WHERE type='table' AND name='recipes';"}
{"level":"info","message":"[Thu Jul 04 2024 22:18:18 GMT-0700 (Pacific Daylight Time)] Executing (default): PRAGMA INDEX_LIST(`recipes`)"}
{"level":"info","message":"[Thu Jul 04 2024 22:18:18 GMT-0700 (Pacific Daylight Time)] Executing (default): SELECT name FROM sqlite_master WHERE type='table' AND name='reviews';"}
{"level":"info","message":"[Thu Jul 04 2024 22:18:18 GMT-0700 (Pacific Daylight Time)] Executing (default): PRAGMA INDEX_LIST(`reviews`)"}
{"level":"info","message":"[Thu Jul 04 2024 22:22:44 GMT-0700 (Pacific Daylight Time)] Executing (default): SELECT name FROM sqlite_master WHERE type='table' AND name='users';"}
{"level":"info","message":"[Thu Jul 04 2024 22:22:44 GMT-0700 (Pacific Daylight Time)] Executing (default): PRAGMA INDEX_LIST(`users`)"}
{"level":"info","message":"[Thu Jul 04 2024 22:22:44 GMT-0700 (Pacific Daylight Time)] Executing (default): PRAGMA INDEX_INFO(`sqlite_autoindex_users_1`)"}
{"level":"info","message":"[Thu Jul 04 2024 22:22:44 GMT-0700 (Pacific Daylight Time)] Executing (default): SELECT name FROM sqlite_master WHERE type='table' AND name='posts';"}
{"level":"info","message":"[Thu Jul 04 2024 22:22:44 GMT-0700 (Pacific Daylight Time)] Executing (default): PRAGMA INDEX_LIST(`posts`)"}
{"level":"info","message":"[Thu Jul 04 2024 22:22:44 GMT-0700 (Pacific Daylight Time)] Executing (default): SELECT name FROM sqlite_master WHERE type='table' AND name='comments';"}
{"level":"info","message":"[Thu Jul 04 2024 22:22:44 GMT-0700 (Pacific Daylight Time)] Executing (default): PRAGMA INDEX_LIST(`comments`)"}
{"level":"info","message":"[Thu Jul 04 2024 22:22:44 GMT-0700 (Pacific Daylight Time)] Executing (default): SELECT name FROM sqlite_master WHERE type='table' AND name='recipes';"}
{"level":"info","message":"[Thu Jul 04 2024 22:22:44 GMT-0700 (Pacific Daylight Time)] Executing (default): PRAGMA INDEX_LIST(`recipes`)"}
{"level":"info","message":"[Thu Jul 04 2024 22:22:44 GMT-0700 (Pacific Daylight Time)] Executing (default): SELECT name FROM sqlite_master WHERE type='table' AND name='reviews';"}
{"level":"info","message":"[Thu Jul 04 2024 22:22:44 GMT-0700 (Pacific Daylight Time)] Executing (default): PRAGMA INDEX_LIST(`reviews`)"}
{"level":"info","message":"[Thu Jul 04 2024 22:23:50 GMT-0700 (Pacific Daylight Time)] Executing (default): SELECT name FROM sqlite_master WHERE type='table' AND name='users';"}
{"level":"info","message":"[Thu Jul 04 2024 22:23:50 GMT-0700 (Pacific Daylight Time)] Executing (default): PRAGMA INDEX_LIST(`users`)"}
{"level":"info","message":"[Thu Jul 04 2024 22:23:50 GMT-0700 (Pacific Daylight Time)] Executing (default): PRAGMA INDEX_INFO(`sqlite_autoindex_users_1`)"}
{"level":"info","message":"[Thu Jul 04 2024 22:23:50 GMT-0700 (Pacific Daylight Time)] Executing (default): SELECT name FROM sqlite_master WHERE type='table' AND name='posts';"}
{"level":"info","message":"[Thu Jul 04 2024 22:23:50 GMT-0700 (Pacific Daylight Time)] Executing (default): PRAGMA INDEX_LIST(`posts`)"}
{"level":"info","message":"[Thu Jul 04 2024 22:23:50 GMT-0700 (Pacific Daylight Time)] Executing (default): SELECT name FROM sqlite_master WHERE type='table' AND name='comments';"}
{"level":"info","message":"[Thu Jul 04 2024 22:23:50 GMT-0700 (Pacific Daylight Time)] Executing (default): PRAGMA INDEX_LIST(`comments`)"}
{"level":"info","message":"[Thu Jul 04 2024 22:23:50 GMT-0700 (Pacific Daylight Time)] Executing (default): SELECT name FROM sqlite_master WHERE type='table' AND name='recipes';"}
{"level":"info","message":"[Thu Jul 04 2024 22:23:50 GMT-0700 (Pacific Daylight Time)] Executing (default): PRAGMA INDEX_LIST(`recipes`)"}
{"level":"info","message":"[Thu Jul 04 2024 22:23:50 GMT-0700 (Pacific Daylight Time)] Executing (default): SELECT name FROM sqlite_master WHERE type='table' AND name='reviews';"}
{"level":"info","message":"[Thu Jul 04 2024 22:23:50 GMT-0700 (Pacific Daylight Time)] Executing (default): PRAGMA INDEX_LIST(`reviews`)"}
{"level":"info","message":"[Thu Jul 04 2024 22:25:13 GMT-0700 (Pacific Daylight Time)] Executing (default): SELECT name FROM sqlite_master WHERE type='table' AND name='users';"}
{"level":"info","message":"[Thu Jul 04 2024 22:25:13 GMT-0700 (Pacific Daylight Time)] Executing (default): PRAGMA INDEX_LIST(`users`)"}
{"level":"info","message":"[Thu Jul 04 2024 22:25:13 GMT-0700 (Pacific Daylight Time)] Executing (default): PRAGMA INDEX_INFO(`sqlite_autoindex_users_1`)"}
{"level":"info","message":"[Thu Jul 04 2024 22:25:13 GMT-0700 (Pacific Daylight Time)] Executing (default): SELECT name FROM sqlite_master WHERE type='table' AND name='posts';"}
{"level":"info","message":"[Thu Jul 04 2024 22:25:13 GMT-0700 (Pacific Daylight Time)] Executing (default): PRAGMA INDEX_LIST(`posts`)"}
{"level":"info","message":"[Thu Jul 04 2024 22:25:13 GMT-0700 (Pacific Daylight Time)] Executing (default): SELECT name FROM sqlite_master WHERE type='table' AND name='comments';"}
{"level":"info","message":"[Thu Jul 04 2024 22:25:13 GMT-0700 (Pacific Daylight Time)] Executing (default): PRAGMA INDEX_LIST(`comments`)"}
{"level":"info","message":"[Thu Jul 04 2024 22:25:13 GMT-0700 (Pacific Daylight Time)] Executing (default): SELECT name FROM sqlite_master WHERE type='table' AND name='recipes';"}
{"level":"info","message":"[Thu Jul 04 2024 22:25:13 GMT-0700 (Pacific Daylight Time)] Executing (default): PRAGMA INDEX_LIST(`recipes`)"}
{"level":"info","message":"[Thu Jul 04 2024 22:25:13 GMT-0700 (Pacific Daylight Time)] Executing (default): SELECT name FROM sqlite_master WHERE type='table' AND name='reviews';"}
{"level":"info","message":"[Thu Jul 04 2024 22:25:13 GMT-0700 (Pacific Daylight Time)] Executing (default): PRAGMA INDEX_LIST(`reviews`)"}
{"level":"info","message":"[Thu Jul 04 2024 22:26:44 GMT-0700 (Pacific Daylight Time)] Executing (default): SELECT name FROM sqlite_master WHERE type='table' AND name='users';"}
{"level":"info","message":"[Thu Jul 04 2024 22:26:44 GMT-0700 (Pacific Daylight Time)] Executing (default): PRAGMA INDEX_LIST(`users`)"}
{"level":"info","message":"[Thu Jul 04 2024 22:26:44 GMT-0700 (Pacific Daylight Time)] Executing (default): PRAGMA INDEX_INFO(`sqlite_autoindex_users_1`)"}
{"level":"info","message":"[Thu Jul 04 2024 22:26:44 GMT-0700 (Pacific Daylight Time)] Executing (default): SELECT name FROM sqlite_master WHERE type='table' AND name='posts';"}
{"level":"info","message":"[Thu Jul 04 2024 22:26:44 GMT-0700 (Pacific Daylight Time)] Executing (default): PRAGMA INDEX_LIST(`posts`)"}
{"level":"info","message":"[Thu Jul 04 2024 22:26:44 GMT-0700 (Pacific Daylight Time)] Executing (default): SELECT name FROM sqlite_master WHERE type='table' AND name='comments';"}
{"level":"info","message":"[Thu Jul 04 2024 22:26:44 GMT-0700 (Pacific Daylight Time)] Executing (default): PRAGMA INDEX_LIST(`comments`)"}
{"level":"info","message":"[Thu Jul 04 2024 22:26:44 GMT-0700 (Pacific Daylight Time)] Executing (default): SELECT name FROM sqlite_master WHERE type='table' AND name='recipes';"}
{"level":"info","message":"[Thu Jul 04 2024 22:26:44 GMT-0700 (Pacific Daylight Time)] Executing (default): PRAGMA INDEX_LIST(`recipes`)"}
{"level":"info","message":"[Thu Jul 04 2024 22:26:44 GMT-0700 (Pacific Daylight Time)] Executing (default): SELECT name FROM sqlite_master WHERE type='table' AND name='reviews';"}
{"level":"info","message":"[Thu Jul 04 2024 22:26:44 GMT-0700 (Pacific Daylight Time)] Executing (default): PRAGMA INDEX_LIST(`reviews`)"}
{"level":"info","message":"[Thu Jul 04 2024 22:26:59 GMT-0700 (Pacific Daylight Time)] Executing (default): SELECT name FROM sqlite_master WHERE type='table' AND name='users';"}
{"level":"info","message":"[Thu Jul 04 2024 22:26:59 GMT-0700 (Pacific Daylight Time)] Executing (default): PRAGMA INDEX_LIST(`users`)"}
{"level":"info","message":"[Thu Jul 04 2024 22:26:59 GMT-0700 (Pacific Daylight Time)] Executing (default): PRAGMA INDEX_INFO(`sqlite_autoindex_users_1`)"}
{"level":"info","message":"[Thu Jul 04 2024 22:26:59 GMT-0700 (Pacific Daylight Time)] Executing (default): SELECT name FROM sqlite_master WHERE type='table' AND name='posts';"}
{"level":"info","message":"[Thu Jul 04 2024 22:26:59 GMT-0700 (Pacific Daylight Time)] Executing (default): PRAGMA INDEX_LIST(`posts`)"}
{"level":"info","message":"[Thu Jul 04 2024 22:26:59 GMT-0700 (Pacific Daylight Time)] Executing (default): SELECT name FROM sqlite_master WHERE type='table' AND name='comments';"}
{"level":"info","message":"[Thu Jul 04 2024 22:26:59 GMT-0700 (Pacific Daylight Time)] Executing (default): PRAGMA INDEX_LIST(`comments`)"}
{"level":"info","message":"[Thu Jul 04 2024 22:26:59 GMT-0700 (Pacific Daylight Time)] Executing (default): SELECT name FROM sqlite_master WHERE type='table' AND name='recipes';"}
{"level":"info","message":"[Thu Jul 04 2024 22:26:59 GMT-0700 (Pacific Daylight Time)] Executing (default): PRAGMA INDEX_LIST(`recipes`)"}
{"level":"info","message":"[Thu Jul 04 2024 22:26:59 GMT-0700 (Pacific Daylight Time)] Executing (default): SELECT name FROM sqlite_master WHERE type='table' AND name='reviews';"}
{"level":"info","message":"[Thu Jul 04 2024 22:26:59 GMT-0700 (Pacific Daylight Time)] Executing (default): PRAGMA INDEX_LIST(`reviews`)"}
{"level":"info","message":"[Thu Jul 04 2024 22:27:09 GMT-0700 (Pacific Daylight Time)] Executing (default): SELECT name FROM sqlite_master WHERE type='table' AND name='users';"}
{"level":"info","message":"[Thu Jul 04 2024 22:27:09 GMT-0700 (Pacific Daylight Time)] Executing (default): PRAGMA INDEX_LIST(`users`)"}
{"level":"info","message":"[Thu Jul 04 2024 22:27:09 GMT-0700 (Pacific Daylight Time)] Executing (default): PRAGMA INDEX_INFO(`sqlite_autoindex_users_1`)"}
{"level":"info","message":"[Thu Jul 04 2024 22:27:09 GMT-0700 (Pacific Daylight Time)] Executing (default): SELECT name FROM sqlite_master WHERE type='table' AND name='posts';"}
{"level":"info","message":"[Thu Jul 04 2024 22:27:09 GMT-0700 (Pacific Daylight Time)] Executing (default): PRAGMA INDEX_LIST(`posts`)"}
{"level":"info","message":"[Thu Jul 04 2024 22:27:09 GMT-0700 (Pacific Daylight Time)] Executing (default): SELECT name FROM sqlite_master WHERE type='table' AND name='comments';"}
{"level":"info","message":"[Thu Jul 04 2024 22:27:09 GMT-0700 (Pacific Daylight Time)] Executing (default): PRAGMA INDEX_LIST(`comments`)"}
{"level":"info","message":"[Thu Jul 04 2024 22:27:09 GMT-0700 (Pacific Daylight Time)] Executing (default): SELECT name FROM sqlite_master WHERE type='table' AND name='recipes';"}
{"level":"info","message":"[Thu Jul 04 2024 22:27:09 GMT-0700 (Pacific Daylight Time)] Executing (default): PRAGMA INDEX_LIST(`recipes`)"}
{"level":"info","message":"[Thu Jul 04 2024 22:27:09 GMT-0700 (Pacific Daylight Time)] Executing (default): SELECT name FROM sqlite_master WHERE type='table' AND name='reviews';"}
{"level":"info","message":"[Thu Jul 04 2024 22:27:09 GMT-0700 (Pacific Daylight Time)] Executing (default): PRAGMA INDEX_LIST(`reviews`)"}
{"level":"info","message":"[Thu Jul 04 2024 22:27:53 GMT-0700 (Pacific Daylight Time)] Executing (default): SELECT name FROM sqlite_master WHERE type='table' AND name='users';"}
{"level":"info","message":"[Thu Jul 04 2024 22:27:54 GMT-0700 (Pacific Daylight Time)] Executing (default): PRAGMA INDEX_LIST(`users`)"}
{"level":"info","message":"[Thu Jul 04 2024 22:27:54 GMT-0700 (Pacific Daylight Time)] Executing (default): PRAGMA INDEX_INFO(`sqlite_autoindex_users_1`)"}
{"level":"info","message":"[Thu Jul 04 2024 22:27:54 GMT-0700 (Pacific Daylight Time)] Executing (default): SELECT name FROM sqlite_master WHERE type='table' AND name='posts';"}
{"level":"info","message":"[Thu Jul 04 2024 22:27:54 GMT-0700 (Pacific Daylight Time)] Executing (default): PRAGMA INDEX_LIST(`posts`)"}
{"level":"info","message":"[Thu Jul 04 2024 22:27:54 GMT-0700 (Pacific Daylight Time)] Executing (default): SELECT name FROM sqlite_master WHERE type='table' AND name='comments';"}
{"level":"info","message":"[Thu Jul 04 2024 22:27:54 GMT-0700 (Pacific Daylight Time)] Executing (default): PRAGMA INDEX_LIST(`comments`)"}
{"level":"info","message":"[Thu Jul 04 2024 22:27:54 GMT-0700 (Pacific Daylight Time)] Executing (default): SELECT name FROM sqlite_master WHERE type='table' AND name='recipes';"}
{"level":"info","message":"[Thu Jul 04 2024 22:27:54 GMT-0700 (Pacific Daylight Time)] Executing (default): PRAGMA INDEX_LIST(`recipes`)"}
{"level":"info","message":"[Thu Jul 04 2024 22:27:54 GMT-0700 (Pacific Daylight Time)] Executing (default): SELECT name FROM sqlite_master WHERE type='table' AND name='reviews';"}
{"level":"info","message":"[Thu Jul 04 2024 22:27:54 GMT-0700 (Pacific Daylight Time)] Executing (default): PRAGMA INDEX_LIST(`reviews`)"}
{"level":"info","message":"[Thu Jul 04 2024 22:33:34 GMT-0700 (Pacific Daylight Time)] Executing (default): SELECT name FROM sqlite_master WHERE type='table' AND name='users';"}
{"level":"info","message":"[Thu Jul 04 2024 22:33:34 GMT-0700 (Pacific Daylight Time)] Executing (default): PRAGMA INDEX_LIST(`users`)"}
{"level":"info","message":"[Thu Jul 04 2024 22:33:34 GMT-0700 (Pacific Daylight Time)] Executing (default): PRAGMA INDEX_INFO(`sqlite_autoindex_users_1`)"}
{"level":"info","message":"[Thu Jul 04 2024 22:33:34 GMT-0700 (Pacific Daylight Time)] Executing (default): SELECT name FROM sqlite_master WHERE type='table' AND name='posts';"}
{"level":"info","message":"[Thu Jul 04 2024 22:33:34 GMT-0700 (Pacific Daylight Time)] Executing (default): PRAGMA INDEX_LIST(`posts`)"}
{"level":"info","message":"[Thu Jul 04 2024 22:33:34 GMT-0700 (Pacific Daylight Time)] Executing (default): SELECT name FROM sqlite_master WHERE type='table' AND name='comments';"}
{"level":"info","message":"[Thu Jul 04 2024 22:33:34 GMT-0700 (Pacific Daylight Time)] Executing (default): PRAGMA INDEX_LIST(`comments`)"}
{"level":"info","message":"[Thu Jul 04 2024 22:33:34 GMT-0700 (Pacific Daylight Time)] Executing (default): SELECT name FROM sqlite_master WHERE type='table' AND name='recipes';"}
{"level":"info","message":"[Thu Jul 04 2024 22:33:34 GMT-0700 (Pacific Daylight Time)] Executing (default): PRAGMA INDEX_LIST(`recipes`)"}
{"level":"info","message":"[Thu Jul 04 2024 22:33:34 GMT-0700 (Pacific Daylight Time)] Executing (default): SELECT name FROM sqlite_master WHERE type='table' AND name='reviews';"}
{"level":"info","message":"[Thu Jul 04 2024 22:33:34 GMT-0700 (Pacific Daylight Time)] Executing (default): PRAGMA INDEX_LIST(`reviews`)"}
{"level":"info","message":"[Thu Jul 04 2024 22:43:56 GMT-0700 (Pacific Daylight Time)] Executing (default): SELECT name FROM sqlite_master WHERE type='table' AND name='users';"}
{"level":"info","message":"[Thu Jul 04 2024 22:43:56 GMT-0700 (Pacific Daylight Time)] Executing (default): PRAGMA INDEX_LIST(`users`)"}
{"level":"info","message":"[Thu Jul 04 2024 22:43:56 GMT-0700 (Pacific Daylight Time)] Executing (default): PRAGMA INDEX_INFO(`sqlite_autoindex_users_1`)"}
{"level":"info","message":"[Thu Jul 04 2024 22:43:56 GMT-0700 (Pacific Daylight Time)] Executing (default): SELECT name FROM sqlite_master WHERE type='table' AND name='posts';"}
{"level":"info","message":"[Thu Jul 04 2024 22:43:56 GMT-0700 (Pacific Daylight Time)] Executing (default): PRAGMA INDEX_LIST(`posts`)"}
{"level":"info","message":"[Thu Jul 04 2024 22:43:56 GMT-0700 (Pacific Daylight Time)] Executing (default): SELECT name FROM sqlite_master WHERE type='table' AND name='comments';"}
{"level":"info","message":"[Thu Jul 04 2024 22:43:56 GMT-0700 (Pacific Daylight Time)] Executing (default): PRAGMA INDEX_LIST(`comments`)"}
{"level":"info","message":"[Thu Jul 04 2024 22:43:56 GMT-0700 (Pacific Daylight Time)] Executing (default): SELECT name FROM sqlite_master WHERE type='table' AND name='recipes';"}
{"level":"info","message":"[Thu Jul 04 2024 22:43:56 GMT-0700 (Pacific Daylight Time)] Executing (default): PRAGMA INDEX_LIST(`recipes`)"}
{"level":"info","message":"[Thu Jul 04 2024 22:43:56 GMT-0700 (Pacific Daylight Time)] Executing (default): SELECT name FROM sqlite_master WHERE type='table' AND name='reviews';"}
{"level":"info","message":"[Thu Jul 04 2024 22:43:56 GMT-0700 (Pacific Daylight Time)] Executing (default): PRAGMA INDEX_LIST(`reviews`)"}
{"level":"info","message":"[Thu Jul 04 2024 22:49:22 GMT-0700 (Pacific Daylight Time)] Executing (default): SELECT name FROM sqlite_master WHERE type='table' AND name='users';"}
{"level":"info","message":"[Thu Jul 04 2024 22:49:22 GMT-0700 (Pacific Daylight Time)] Executing (default): PRAGMA INDEX_LIST(`users`)"}
{"level":"info","message":"[Thu Jul 04 2024 22:49:22 GMT-0700 (Pacific Daylight Time)] Executing (default): PRAGMA INDEX_INFO(`sqlite_autoindex_users_1`)"}
{"level":"info","message":"[Thu Jul 04 2024 22:49:22 GMT-0700 (Pacific Daylight Time)] Executing (default): SELECT name FROM sqlite_master WHERE type='table' AND name='posts';"}
{"level":"info","message":"[Thu Jul 04 2024 22:49:22 GMT-0700 (Pacific Daylight Time)] Executing (default): PRAGMA INDEX_LIST(`posts`)"}
{"level":"info","message":"[Thu Jul 04 2024 22:49:22 GMT-0700 (Pacific Daylight Time)] Executing (default): SELECT name FROM sqlite_master WHERE type='table' AND name='comments';"}
{"level":"info","message":"[Thu Jul 04 2024 22:49:22 GMT-0700 (Pacific Daylight Time)] Executing (default): PRAGMA INDEX_LIST(`comments`)"}
{"level":"info","message":"[Thu Jul 04 2024 22:49:22 GMT-0700 (Pacific Daylight Time)] Executing (default): SELECT name FROM sqlite_master WHERE type='table' AND name='recipes';"}
{"level":"info","message":"[Thu Jul 04 2024 22:49:22 GMT-0700 (Pacific Daylight Time)] Executing (default): PRAGMA INDEX_LIST(`recipes`)"}
{"level":"info","message":"[Thu Jul 04 2024 22:49:22 GMT-0700 (Pacific Daylight Time)] Executing (default): SELECT name FROM sqlite_master WHERE type='table' AND name='reviews';"}
{"level":"info","message":"[Thu Jul 04 2024 22:49:22 GMT-0700 (Pacific Daylight Time)] Executing (default): PRAGMA INDEX_LIST(`reviews`)"}
{"level":"info","message":"[Thu Jul 04 2024 22:50:57 GMT-0700 (Pacific Daylight Time)] Executing (default): SELECT name FROM sqlite_master WHERE type='table' AND name='users';"}
{"level":"info","message":"[Thu Jul 04 2024 22:50:57 GMT-0700 (Pacific Daylight Time)] Executing (default): PRAGMA INDEX_LIST(`users`)"}
{"level":"info","message":"[Thu Jul 04 2024 22:50:57 GMT-0700 (Pacific Daylight Time)] Executing (default): PRAGMA INDEX_INFO(`sqlite_autoindex_users_1`)"}
{"level":"info","message":"[Thu Jul 04 2024 22:50:57 GMT-0700 (Pacific Daylight Time)] Executing (default): SELECT name FROM sqlite_master WHERE type='table' AND name='posts';"}
{"level":"info","message":"[Thu Jul 04 2024 22:50:57 GMT-0700 (Pacific Daylight Time)] Executing (default): PRAGMA INDEX_LIST(`posts`)"}
{"level":"info","message":"[Thu Jul 04 2024 22:50:57 GMT-0700 (Pacific Daylight Time)] Executing (default): SELECT name FROM sqlite_master WHERE type='table' AND name='comments';"}
{"level":"info","message":"[Thu Jul 04 2024 22:50:57 GMT-0700 (Pacific Daylight Time)] Executing (default): PRAGMA INDEX_LIST(`comments`)"}
{"level":"info","message":"[Thu Jul 04 2024 22:50:57 GMT-0700 (Pacific Daylight Time)] Executing (default): SELECT name FROM sqlite_master WHERE type='table' AND name='recipes';"}
{"level":"info","message":"[Thu Jul 04 2024 22:50:57 GMT-0700 (Pacific Daylight Time)] Executing (default): PRAGMA INDEX_LIST(`recipes`)"}
{"level":"info","message":"[Thu Jul 04 2024 22:50:57 GMT-0700 (Pacific Daylight Time)] Executing (default): SELECT name FROM sqlite_master WHERE type='table' AND name='reviews';"}
{"level":"info","message":"[Thu Jul 04 2024 22:50:57 GMT-0700 (Pacific Daylight Time)] Executing (default): PRAGMA INDEX_LIST(`reviews`)"}
{"level":"info","message":"[Thu Jul 04 2024 22:55:03 GMT-0700 (Pacific Daylight Time)] Executing (default): SELECT name FROM sqlite_master WHERE type='table' AND name='users';"}
{"level":"info","message":"[Thu Jul 04 2024 22:55:03 GMT-0700 (Pacific Daylight Time)] Executing (default): PRAGMA INDEX_LIST(`users`)"}
{"level":"info","message":"[Thu Jul 04 2024 22:55:03 GMT-0700 (Pacific Daylight Time)] Executing (default): PRAGMA INDEX_INFO(`sqlite_autoindex_users_1`)"}
{"level":"info","message":"[Thu Jul 04 2024 22:55:03 GMT-0700 (Pacific Daylight Time)] Executing (default): SELECT name FROM sqlite_master WHERE type='table' AND name='posts';"}
{"level":"info","message":"[Thu Jul 04 2024 22:55:03 GMT-0700 (Pacific Daylight Time)] Executing (default): PRAGMA INDEX_LIST(`posts`)"}
{"level":"info","message":"[Thu Jul 04 2024 22:55:03 GMT-0700 (Pacific Daylight Time)] Executing (default): SELECT name FROM sqlite_master WHERE type='table' AND name='comments';"}
{"level":"info","message":"[Thu Jul 04 2024 22:55:03 GMT-0700 (Pacific Daylight Time)] Executing (default): PRAGMA INDEX_LIST(`comments`)"}
{"level":"info","message":"[Thu Jul 04 2024 22:55:03 GMT-0700 (Pacific Daylight Time)] Executing (default): SELECT name FROM sqlite_master WHERE type='table' AND name='recipes';"}
{"level":"info","message":"[Thu Jul 04 2024 22:55:03 GMT-0700 (Pacific Daylight Time)] Executing (default): PRAGMA INDEX_LIST(`recipes`)"}
{"level":"info","message":"[Thu Jul 04 2024 22:55:03 GMT-0700 (Pacific Daylight Time)] Executing (default): SELECT name FROM sqlite_master WHERE type='table' AND name='reviews';"}
{"level":"info","message":"[Thu Jul 04 2024 22:55:03 GMT-0700 (Pacific Daylight Time)] Executing (default): PRAGMA INDEX_LIST(`reviews`)"}
{"level":"info","message":"[Thu Jul 04 2024 22:56:54 GMT-0700 (Pacific Daylight Time)] Executing (default): SELECT name FROM sqlite_master WHERE type='table' AND name='users';"}
{"level":"info","message":"[Thu Jul 04 2024 22:56:54 GMT-0700 (Pacific Daylight Time)] Executing (default): PRAGMA INDEX_LIST(`users`)"}
{"level":"info","message":"[Thu Jul 04 2024 22:56:54 GMT-0700 (Pacific Daylight Time)] Executing (default): PRAGMA INDEX_INFO(`sqlite_autoindex_users_1`)"}
{"level":"info","message":"[Thu Jul 04 2024 22:56:54 GMT-0700 (Pacific Daylight Time)] Executing (default): SELECT name FROM sqlite_master WHERE type='table' AND name='posts';"}
{"level":"info","message":"[Thu Jul 04 2024 22:56:54 GMT-0700 (Pacific Daylight Time)] Executing (default): PRAGMA INDEX_LIST(`posts`)"}
{"level":"info","message":"[Thu Jul 04 2024 22:56:54 GMT-0700 (Pacific Daylight Time)] Executing (default): SELECT name FROM sqlite_master WHERE type='table' AND name='comments';"}
{"level":"info","message":"[Thu Jul 04 2024 22:56:54 GMT-0700 (Pacific Daylight Time)] Executing (default): PRAGMA INDEX_LIST(`comments`)"}
{"level":"info","message":"[Thu Jul 04 2024 22:56:54 GMT-0700 (Pacific Daylight Time)] Executing (default): SELECT name FROM sqlite_master WHERE type='table' AND name='recipes';"}
{"level":"info","message":"[Thu Jul 04 2024 22:56:54 GMT-0700 (Pacific Daylight Time)] Executing (default): PRAGMA INDEX_LIST(`recipes`)"}
{"level":"info","message":"[Thu Jul 04 2024 22:56:54 GMT-0700 (Pacific Daylight Time)] Executing (default): SELECT name FROM sqlite_master WHERE type='table' AND name='reviews';"}
{"level":"info","message":"[Thu Jul 04 2024 22:56:54 GMT-0700 (Pacific Daylight Time)] Executing (default): PRAGMA INDEX_LIST(`reviews`)"}
{"level":"info","message":"[Thu Jul 04 2024 23:10:32 GMT-0700 (Pacific Daylight Time)] Executing (default): SELECT name FROM sqlite_master WHERE type='table' AND name='users';"}
{"level":"info","message":"[Thu Jul 04 2024 23:10:32 GMT-0700 (Pacific Daylight Time)] Executing (default): PRAGMA INDEX_LIST(`users`)"}
{"level":"info","message":"[Thu Jul 04 2024 23:10:32 GMT-0700 (Pacific Daylight Time)] Executing (default): PRAGMA INDEX_INFO(`sqlite_autoindex_users_1`)"}
{"level":"info","message":"[Thu Jul 04 2024 23:10:32 GMT-0700 (Pacific Daylight Time)] Executing (default): SELECT name FROM sqlite_master WHERE type='table' AND name='posts';"}
{"level":"info","message":"[Thu Jul 04 2024 23:10:32 GMT-0700 (Pacific Daylight Time)] Executing (default): PRAGMA INDEX_LIST(`posts`)"}
{"level":"info","message":"[Thu Jul 04 2024 23:10:32 GMT-0700 (Pacific Daylight Time)] Executing (default): SELECT name FROM sqlite_master WHERE type='table' AND name='comments';"}
{"level":"info","message":"[Thu Jul 04 2024 23:10:32 GMT-0700 (Pacific Daylight Time)] Executing (default): PRAGMA INDEX_LIST(`comments`)"}
{"level":"info","message":"[Thu Jul 04 2024 23:10:32 GMT-0700 (Pacific Daylight Time)] Executing (default): SELECT name FROM sqlite_master WHERE type='table' AND name='recipes';"}
{"level":"info","message":"[Thu Jul 04 2024 23:10:32 GMT-0700 (Pacific Daylight Time)] Executing (default): PRAGMA INDEX_LIST(`recipes`)"}
{"level":"info","message":"[Thu Jul 04 2024 23:10:32 GMT-0700 (Pacific Daylight Time)] Executing (default): SELECT name FROM sqlite_master WHERE type='table' AND name='reviews';"}
{"level":"info","message":"[Thu Jul 04 2024 23:10:32 GMT-0700 (Pacific Daylight Time)] Executing (default): PRAGMA INDEX_LIST(`reviews`)"}
{"level":"info","message":"[Thu Jul 04 2024 23:18:56 GMT-0700 (Pacific Daylight Time)] Executing (default): SELECT name FROM sqlite_master WHERE type='table' AND name='users';"}
{"level":"info","message":"[Thu Jul 04 2024 23:18:56 GMT-0700 (Pacific Daylight Time)] Executing (default): PRAGMA INDEX_LIST(`users`)"}
{"level":"info","message":"[Thu Jul 04 2024 23:18:56 GMT-0700 (Pacific Daylight Time)] Executing (default): PRAGMA INDEX_INFO(`sqlite_autoindex_users_1`)"}
{"level":"info","message":"[Thu Jul 04 2024 23:18:56 GMT-0700 (Pacific Daylight Time)] Executing (default): SELECT name FROM sqlite_master WHERE type='table' AND name='posts';"}
{"level":"info","message":"[Thu Jul 04 2024 23:18:56 GMT-0700 (Pacific Daylight Time)] Executing (default): PRAGMA INDEX_LIST(`posts`)"}
{"level":"info","message":"[Thu Jul 04 2024 23:18:56 GMT-0700 (Pacific Daylight Time)] Executing (default): SELECT name FROM sqlite_master WHERE type='table' AND name='comments';"}
{"level":"info","message":"[Thu Jul 04 2024 23:18:56 GMT-0700 (Pacific Daylight Time)] Executing (default): PRAGMA INDEX_LIST(`comments`)"}
{"level":"info","message":"[Thu Jul 04 2024 23:18:56 GMT-0700 (Pacific Daylight Time)] Executing (default): SELECT name FROM sqlite_master WHERE type='table' AND name='recipes';"}
{"level":"info","message":"[Thu Jul 04 2024 23:18:56 GMT-0700 (Pacific Daylight Time)] Executing (default): PRAGMA INDEX_LIST(`recipes`)"}
{"level":"info","message":"[Thu Jul 04 2024 23:18:56 GMT-0700 (Pacific Daylight Time)] Executing (default): SELECT name FROM sqlite_master WHERE type='table' AND name='reviews';"}
{"level":"info","message":"[Thu Jul 04 2024 23:18:56 GMT-0700 (Pacific Daylight Time)] Executing (default): PRAGMA INDEX_LIST(`reviews`)"}
{"level":"info","message":"::ffff:127.0.0.1 - - [05/Jul/2024:06:19:07 +0000] \"GET /user HTTP/1.1\" 401 -"}
{"level":"info","message":"::ffff:127.0.0.1 - - [05/Jul/2024:06:19:10 +0000] \"GET / HTTP/1.1\" 200 27"}
{"level":"info","message":"[Thu Jul 04 2024 23:19:39 GMT-0700 (Pacific Daylight Time)] Executing (default): SELECT name FROM sqlite_master WHERE type='table' AND name='users';"}
{"level":"info","message":"[Thu Jul 04 2024 23:19:39 GMT-0700 (Pacific Daylight Time)] Executing (default): PRAGMA INDEX_LIST(`users`)"}
{"level":"info","message":"[Thu Jul 04 2024 23:19:39 GMT-0700 (Pacific Daylight Time)] Executing (default): PRAGMA INDEX_INFO(`sqlite_autoindex_users_1`)"}
{"level":"info","message":"[Thu Jul 04 2024 23:19:39 GMT-0700 (Pacific Daylight Time)] Executing (default): SELECT name FROM sqlite_master WHERE type='table' AND name='posts';"}
{"level":"info","message":"[Thu Jul 04 2024 23:19:39 GMT-0700 (Pacific Daylight Time)] Executing (default): PRAGMA INDEX_LIST(`posts`)"}
{"level":"info","message":"[Thu Jul 04 2024 23:19:39 GMT-0700 (Pacific Daylight Time)] Executing (default): SELECT name FROM sqlite_master WHERE type='table' AND name='comments';"}
{"level":"info","message":"[Thu Jul 04 2024 23:19:39 GMT-0700 (Pacific Daylight Time)] Executing (default): PRAGMA INDEX_LIST(`comments`)"}
{"level":"info","message":"[Thu Jul 04 2024 23:19:39 GMT-0700 (Pacific Daylight Time)] Executing (default): SELECT name FROM sqlite_master WHERE type='table' AND name='recipes';"}
{"level":"info","message":"[Thu Jul 04 2024 23:19:39 GMT-0700 (Pacific Daylight Time)] Executing (default): PRAGMA INDEX_LIST(`recipes`)"}
{"level":"info","message":"[Thu Jul 04 2024 23:19:39 GMT-0700 (Pacific Daylight Time)] Executing (default): SELECT name FROM sqlite_master WHERE type='table' AND name='reviews';"}
{"level":"info","message":"[Thu Jul 04 2024 23:19:39 GMT-0700 (Pacific Daylight Time)] Executing (default): PRAGMA INDEX_LIST(`reviews`)"}
{"level":"info","message":"[Thu Jul 04 2024 23:34:43 GMT-0700 (Pacific Daylight Time)] Executing (default): SELECT name FROM sqlite_master WHERE type='table' AND name='users';"}
{"level":"info","message":"[Thu Jul 04 2024 23:34:44 GMT-0700 (Pacific Daylight Time)] Executing (default): PRAGMA INDEX_LIST(`users`)"}
{"level":"info","message":"[Thu Jul 04 2024 23:34:44 GMT-0700 (Pacific Daylight Time)] Executing (default): PRAGMA INDEX_INFO(`sqlite_autoindex_users_1`)"}
{"level":"info","message":"[Thu Jul 04 2024 23:34:44 GMT-0700 (Pacific Daylight Time)] Executing (default): SELECT name FROM sqlite_master WHERE type='table' AND name='posts';"}
{"level":"info","message":"[Thu Jul 04 2024 23:34:44 GMT-0700 (Pacific Daylight Time)] Executing (default): PRAGMA INDEX_LIST(`posts`)"}
{"level":"info","message":"[Thu Jul 04 2024 23:34:44 GMT-0700 (Pacific Daylight Time)] Executing (default): SELECT name FROM sqlite_master WHERE type='table' AND name='comments';"}
{"level":"info","message":"[Thu Jul 04 2024 23:34:44 GMT-0700 (Pacific Daylight Time)] Executing (default): PRAGMA INDEX_LIST(`comments`)"}
{"level":"info","message":"[Thu Jul 04 2024 23:34:44 GMT-0700 (Pacific Daylight Time)] Executing (default): SELECT name FROM sqlite_master WHERE type='table' AND name='recipes';"}
{"level":"info","message":"[Thu Jul 04 2024 23:34:44 GMT-0700 (Pacific Daylight Time)] Executing (default): PRAGMA INDEX_LIST(`recipes`)"}
{"level":"info","message":"[Thu Jul 04 2024 23:34:44 GMT-0700 (Pacific Daylight Time)] Executing (default): SELECT name FROM sqlite_master WHERE type='table' AND name='reviews';"}
{"level":"info","message":"[Thu Jul 04 2024 23:34:44 GMT-0700 (Pacific Daylight Time)] Executing (default): PRAGMA INDEX_LIST(`reviews`)"}
{"level":"info","message":"[Thu Jul 04 2024 23:59:30 GMT-0700 (Pacific Daylight Time)] Executing (default): SELECT name FROM sqlite_master WHERE type='table' AND name='users';"}
{"level":"info","message":"[Thu Jul 04 2024 23:59:30 GMT-0700 (Pacific Daylight Time)] Executing (default): PRAGMA INDEX_LIST(`users`)"}
{"level":"info","message":"[Thu Jul 04 2024 23:59:30 GMT-0700 (Pacific Daylight Time)] Executing (default): PRAGMA INDEX_INFO(`sqlite_autoindex_users_1`)"}
{"level":"info","message":"[Thu Jul 04 2024 23:59:30 GMT-0700 (Pacific Daylight Time)] Executing (default): SELECT name FROM sqlite_master WHERE type='table' AND name='posts';"}
{"level":"info","message":"[Thu Jul 04 2024 23:59:30 GMT-0700 (Pacific Daylight Time)] Executing (default): PRAGMA INDEX_LIST(`posts`)"}
{"level":"info","message":"[Thu Jul 04 2024 23:59:30 GMT-0700 (Pacific Daylight Time)] Executing (default): SELECT name FROM sqlite_master WHERE type='table' AND name='comments';"}
{"level":"info","message":"[Thu Jul 04 2024 23:59:30 GMT-0700 (Pacific Daylight Time)] Executing (default): PRAGMA INDEX_LIST(`comments`)"}
{"level":"info","message":"[Thu Jul 04 2024 23:59:30 GMT-0700 (Pacific Daylight Time)] Executing (default): SELECT name FROM sqlite_master WHERE type='table' AND name='recipes';"}
{"level":"info","message":"[Thu Jul 04 2024 23:59:30 GMT-0700 (Pacific Daylight Time)] Executing (default): PRAGMA INDEX_LIST(`recipes`)"}
{"level":"info","message":"[Thu Jul 04 2024 23:59:30 GMT-0700 (Pacific Daylight Time)] Executing (default): SELECT name FROM sqlite_master WHERE type='table' AND name='reviews';"}
{"level":"info","message":"[Thu Jul 04 2024 23:59:30 GMT-0700 (Pacific Daylight Time)] Executing (default): PRAGMA INDEX_LIST(`reviews`)"}
{"level":"info","message":"[Thu Jul 04 2024 23:59:49 GMT-0700 (Pacific Daylight Time)] Executing (default): SELECT name FROM sqlite_master WHERE type='table' AND name='users';"}
{"level":"info","message":"[Thu Jul 04 2024 23:59:49 GMT-0700 (Pacific Daylight Time)] Executing (default): PRAGMA INDEX_LIST(`users`)"}
{"level":"info","message":"[Thu Jul 04 2024 23:59:49 GMT-0700 (Pacific Daylight Time)] Executing (default): PRAGMA INDEX_INFO(`sqlite_autoindex_users_1`)"}
{"level":"info","message":"[Thu Jul 04 2024 23:59:49 GMT-0700 (Pacific Daylight Time)] Executing (default): SELECT name FROM sqlite_master WHERE type='table' AND name='posts';"}
{"level":"info","message":"[Thu Jul 04 2024 23:59:49 GMT-0700 (Pacific Daylight Time)] Executing (default): PRAGMA INDEX_LIST(`posts`)"}
{"level":"info","message":"[Thu Jul 04 2024 23:59:49 GMT-0700 (Pacific Daylight Time)] Executing (default): SELECT name FROM sqlite_master WHERE type='table' AND name='comments';"}
{"level":"info","message":"[Thu Jul 04 2024 23:59:49 GMT-0700 (Pacific Daylight Time)] Executing (default): PRAGMA INDEX_LIST(`comments`)"}
{"level":"info","message":"[Thu Jul 04 2024 23:59:49 GMT-0700 (Pacific Daylight Time)] Executing (default): SELECT name FROM sqlite_master WHERE type='table' AND name='recipes';"}
{"level":"info","message":"[Thu Jul 04 2024 23:59:49 GMT-0700 (Pacific Daylight Time)] Executing (default): PRAGMA INDEX_LIST(`recipes`)"}
{"level":"info","message":"[Thu Jul 04 2024 23:59:49 GMT-0700 (Pacific Daylight Time)] Executing (default): SELECT name FROM sqlite_master WHERE type='table' AND name='reviews';"}
{"level":"info","message":"[Thu Jul 04 2024 23:59:49 GMT-0700 (Pacific Daylight Time)] Executing (default): PRAGMA INDEX_LIST(`reviews`)"}
{"level":"info","message":"[Thu Jul 04 2024 23:59:57 GMT-0700 (Pacific Daylight Time)] Executing (default): SELECT name FROM sqlite_master WHERE type='table' AND name='users';"}
{"level":"info","message":"[Thu Jul 04 2024 23:59:57 GMT-0700 (Pacific Daylight Time)] Executing (default): PRAGMA INDEX_LIST(`users`)"}
{"level":"info","message":"[Thu Jul 04 2024 23:59:57 GMT-0700 (Pacific Daylight Time)] Executing (default): PRAGMA INDEX_INFO(`sqlite_autoindex_users_1`)"}
{"level":"info","message":"[Thu Jul 04 2024 23:59:57 GMT-0700 (Pacific Daylight Time)] Executing (default): SELECT name FROM sqlite_master WHERE type='table' AND name='posts';"}
{"level":"info","message":"[Thu Jul 04 2024 23:59:57 GMT-0700 (Pacific Daylight Time)] Executing (default): PRAGMA INDEX_LIST(`posts`)"}
{"level":"info","message":"[Thu Jul 04 2024 23:59:57 GMT-0700 (Pacific Daylight Time)] Executing (default): SELECT name FROM sqlite_master WHERE type='table' AND name='comments';"}
{"level":"info","message":"[Thu Jul 04 2024 23:59:57 GMT-0700 (Pacific Daylight Time)] Executing (default): PRAGMA INDEX_LIST(`comments`)"}
{"level":"info","message":"[Thu Jul 04 2024 23:59:57 GMT-0700 (Pacific Daylight Time)] Executing (default): SELECT name FROM sqlite_master WHERE type='table' AND name='recipes';"}
{"level":"info","message":"[Thu Jul 04 2024 23:59:57 GMT-0700 (Pacific Daylight Time)] Executing (default): PRAGMA INDEX_LIST(`recipes`)"}
{"level":"info","message":"[Thu Jul 04 2024 23:59:57 GMT-0700 (Pacific Daylight Time)] Executing (default): SELECT name FROM sqlite_master WHERE type='table' AND name='reviews';"}
{"level":"info","message":"[Thu Jul 04 2024 23:59:57 GMT-0700 (Pacific Daylight Time)] Executing (default): PRAGMA INDEX_LIST(`reviews`)"}
